2025-03-24 13:14:29,986 [INFO] [Coil Subset Condition Calculator]: Received number of coils: 5
2025-03-24 13:14:47,355 [INFO] signal_shutdown [atexit]
2025-03-24 14:07:40,972 [INFO] [Coil Subset Condition Calculator]: Received number of coils: 5
2025-03-24 14:07:47,227 [INFO] signal_shutdown [atexit]
2025-03-24 14:12:38,661 [INFO] [Coil Subset Condition Calculator]: Received number of coils: 5
2025-03-24 14:15:55,257 [INFO] [Coil Subset Condition Calculator]: Saved the report. Calculations ended.
2025-03-24 14:15:55,259 [INFO] signal_shutdown [atexit]
2025-03-24 14:27:57,897 [INFO] [Coil Subset Condition Calculator]: Received number of coils: 5
2025-03-24 14:29:43,749 [INFO] signal_shutdown [atexit]
2025-03-24 14:29:46,173 [INFO] [Coil Subset Condition Calculator]: Received number of coils: 5
2025-03-24 14:29:59,746 [INFO] signal_shutdown [atexit]
2025-03-24 14:34:08,413 [INFO] [Coil Subset Condition Calculator]: Received number of coils: 5
2025-03-24 14:34:21,116 [INFO] signal_shutdown [atexit]
2025-03-24 14:34:24,065 [INFO] [Coil Subset Condition Calculator]: Received number of coils: 5
2025-03-24 14:34:58,227 [INFO] signal_shutdown [atexit]
2025-03-24 14:36:00,509 [INFO] signal_shutdown [atexit]
2025-03-24 14:36:32,836 [INFO] signal_shutdown [atexit]
2025-03-24 14:37:18,001 [INFO] signal_shutdown [atexit]
2025-03-24 14:41:19,137 [INFO] [Coil Subset Condition Calculator]: Received number of coils: 5
2025-03-24 14:44:40,981 [INFO] [Coil Subset Condition Calculator]: Saved the report. Calculations ended.
2025-03-24 14:44:40,983 [INFO] signal_shutdown [atexit]
2025-03-24 14:44:50,691 [INFO] [Coil Subset Condition Calculator]: Received number of coils: 5
2025-03-24 15:09:06,350 [INFO] [Coil Subset Condition Calculator]: Saved the report. Calculations ended.
2025-03-24 15:09:06,353 [INFO] signal_shutdown [atexit]
2025-03-24 15:44:57,853 [INFO] [Coil Subset Condition Calculator]: Received number of coils: 5
2025-03-24 15:44:57,888 [INFO] signal_shutdown [atexit]
2025-03-24 15:45:47,828 [INFO] [Coil Subset Condition Calculator]: Received number of coils: 5
2025-03-24 15:49:09,405 [INFO] signal_shutdown [atexit]
2025-03-24 15:49:12,588 [INFO] [Coil Subset Condition Calculator]: Received number of coils: 5
2025-03-24 15:49:12,596 [INFO] [Coil Subset Condition Calculator]: M matrix: [[ 0. -1.  0.  0.  0.  0.  0.  0.]
 [ 1.  0.  0.  0.  0.  0.  0.  0.]
 [ 0.  0.  0.  0. -0.  1.  0.  0.]
 [ 0.  0.  0.  0.  0.  0. -0.  1.]
 [ 0.  0.  0. -1.  0.  0. -1. -0.]]
2025-03-24 15:49:21,027 [INFO] signal_shutdown [atexit]
2025-03-24 15:50:01,929 [INFO] [Coil Subset Condition Calculator]: Received number of coils: 5
2025-03-24 15:50:01,937 [INFO] [Coil Subset Condition Calculator]: M matrix: [[ 0.        -1.6453125  0.         0.         0.         0.
   0.         0.       ]
 [ 1.6453125  0.         0.         0.         0.         0.
   0.         0.       ]
 [ 0.         0.         0.         0.        -0.         1.6453125
   0.         0.       ]
 [ 0.         0.         0.         0.         0.         0.
  -0.         1.6453125]
 [ 0.         0.         0.        -1.6453125  0.         0.
  -1.6453125 -0.       ]]
2025-03-24 16:15:05,467 [INFO] [Coil Subset Condition Calculator]: Saved the report. Calculations ended.
2025-03-24 16:15:05,469 [INFO] signal_shutdown [atexit]
2025-05-20 13:15:40,317 [INFO] signal_shutdown [atexit]
2025-05-20 13:22:17,700 [INFO] signal_shutdown [atexit]
2025-05-21 14:54:10,761 [INFO] signal_shutdown [atexit]
